c:\gamemario\umario_jakowski-master\unext\debug\vc143.pdb
c:\gamemario\umario_jakowski-master\unext\debug\vc143.idb
c:\gamemario\umario_jakowski-master\unext\debug\hammer.obj
c:\gamemario\umario_jakowski-master\unext\debug\goombas.obj
c:\gamemario\umario_jakowski-master\unext\debug\flower.obj
c:\gamemario\umario_jakowski-master\unext\debug\flag.obj
c:\gamemario\umario_jakowski-master\unext\debug\fireball.obj
c:\gamemario\umario_jakowski-master\unext\debug\fire.obj
c:\gamemario\umario_jakowski-master\unext\debug\core.obj
c:\gamemario\umario_jakowski-master\unext\debug\console.obj
c:\gamemario\umario_jakowski-master\unext\debug\coin.obj
c:\gamemario\umario_jakowski-master\unext\debug\cheepspawner.obj
c:\gamemario\umario_jakowski-master\unext\debug\cheep.obj
c:\gamemario\umario_jakowski-master\unext\debug\cfg.obj
c:\gamemario\umario_jakowski-master\unext\debug\bulletbillspawner.obj
c:\gamemario\umario_jakowski-master\unext\debug\bulletbill.obj
c:\gamemario\umario_jakowski-master\unext\debug\bubble.obj
c:\gamemario\umario_jakowski-master\unext\debug\bowser.obj
c:\gamemario\umario_jakowski-master\unext\debug\blockdebris.obj
c:\gamemario\umario_jakowski-master\unext\debug\block.obj
c:\gamemario\umario_jakowski-master\unext\debug\beetle.obj
c:\gamemario\umario_jakowski-master\unext\debug\aboutmenu.obj
c:\gamemario\umario_jakowski-master\unext\debug\pausemenu.obj
c:\gamemario\umario_jakowski-master\unext\debug\optionsmenu.obj
c:\gamemario\umario_jakowski-master\unext\debug\music.obj
c:\gamemario\umario_jakowski-master\unext\debug\mushroom.obj
c:\gamemario\umario_jakowski-master\unext\debug\minion.obj
c:\gamemario\umario_jakowski-master\unext\debug\menuoption.obj
c:\gamemario\umario_jakowski-master\unext\debug\menumanager.obj
c:\gamemario\umario_jakowski-master\unext\debug\menu.obj
c:\gamemario\umario_jakowski-master\unext\debug\maplevel.obj
c:\gamemario\umario_jakowski-master\unext\debug\map.obj
c:\gamemario\umario_jakowski-master\unext\debug\mainmenu.obj
c:\gamemario\umario_jakowski-master\unext\debug\main.obj
c:\gamemario\umario_jakowski-master\unext\debug\loadingmenu.obj
c:\gamemario\umario_jakowski-master\unext\debug\leveltext.obj
c:\gamemario\umario_jakowski-master\unext\debug\leveleditor.obj
c:\gamemario\umario_jakowski-master\unext\debug\lakito.obj
c:\gamemario\umario_jakowski-master\unext\debug\event.obj
c:\gamemario\umario_jakowski-master\unext\debug\koppa.obj
c:\gamemario\umario_jakowski-master\unext\debug\img.obj
c:\gamemario\umario_jakowski-master\unext\debug\hammerbro.obj
c:\gamemario\umario_jakowski-master\unext\debug\vine.obj
c:\gamemario\umario_jakowski-master\unext\debug\vector2.obj
c:\gamemario\umario_jakowski-master\unext\debug\upfire.obj
c:\gamemario\umario_jakowski-master\unext\debug\toad.obj
c:\gamemario\umario_jakowski-master\unext\debug\text.obj
c:\gamemario\umario_jakowski-master\unext\debug\star.obj
c:\gamemario\umario_jakowski-master\unext\debug\squid.obj
c:\gamemario\umario_jakowski-master\unext\debug\sprite.obj
c:\gamemario\umario_jakowski-master\unext\debug\spring.obj
c:\gamemario\umario_jakowski-master\unext\debug\spikey.obj
c:\gamemario\umario_jakowski-master\unext\debug\points.obj
c:\gamemario\umario_jakowski-master\unext\debug\playerfireball.obj
c:\gamemario\umario_jakowski-master\unext\debug\player.obj
c:\gamemario\umario_jakowski-master\unext\debug\platform.obj
c:\gamemario\umario_jakowski-master\unext\debug\plant.obj
c:\gamemario\umario_jakowski-master\unext\debug\pipe.obj
c:\gamemario\umario_jakowski-master\unext\debug\unext.tlog\cl.command.1.tlog
c:\gamemario\umario_jakowski-master\unext\debug\unext.tlog\cl.read.1.tlog
c:\gamemario\umario_jakowski-master\unext\debug\unext.tlog\cl.write.1.tlog
c:\gamemario\umario_jakowski-master\unext\debug\unext.tlog\rc.command.1.tlog
c:\gamemario\umario_jakowski-master\unext\debug\unext.tlog\rc.read.1.tlog
c:\gamemario\umario_jakowski-master\unext\debug\unext.tlog\rc.write.1.tlog
